2022/03/11 20:26:21 https://interview.hellotalk8.com?key=PTTZqmnq&token=26EvVInVr9DHYD3eZZHJQtvFFQp 400
2022/03/11 20:26:21 https://interview.hellotalk8.com?key=PTTmZqnq&token=26EvVInVr9DHYD3eZZHJQtvFFQp 400
2022/03/11 20:26:21 https://interview.hellotalk8.com?key=PTTZnqmq&token=26EvVInVr9DHYD3eZZHJQtvFFQp 400
2022/03/11 20:26:21 https://interview.hellotalk8.com?key=PnZTmqTq&token=26EvVInVr9DHYD3eZZHJQtvFFQp 400
2022/03/11 20:26:21 https://interview.hellotalk8.com?key=PmTnTqqZ&token=26EvVInVr9DHYD3eZZHJQtvFFQp 400
2022/03/11 20:26:21 https://interview.hellotalk8.com?key=PTnmqZTq&token=26EvVInVr9DHYD3eZZHJQtvFFQp 400
2022/03/11 20:26:21 https://interview.hellotalk8.com?key=PTqnTmqZ&token=26EvVInVr9DHYD3eZZHJQtvFFQp 400
2022/03/11 20:26:21 https://interview.hellotalk8.com?key=PZnqTTqm&token=26EvVInVr9DHYD3eZZHJQtvFFQp 400
2022/03/11 20:26:21 https://interview.hellotalk8.com?key=PmqZnTTq&token=26EvVInVr9DHYD3eZZHJQtvFFQp 400
2022/03/11 20:26:21 https://interview.hellotalk8.com?key=PTTmnqZq&token=26EvVInVr9DHYD3eZZHJQtvFFQp 400
2022/03/11 20:26:21 https://interview.hellotalk8.com?key=PTqqmZnT&token=26EvVInVr9DHYD3eZZHJQtvFFQp 400
2022/03/11 20:26:21 https://interview.hellotalk8.com?key=PmqTZqTn&token=26EvVInVr9DHYD3eZZHJQtvFFQp 400
2022/03/11 20:26:21 https://interview.hellotalk8.com?key=PnqqZTTm&token=26EvVInVr9DHYD3eZZHJQtvFFQp 400
2022/03/11 20:26:21 https://interview.hellotalk8.com?key=PTmqTqZn&token=26EvVInVr9DHYD3eZZHJQtvFFQp 400
2022/03/11 20:26:21 https://interview.hellotalk8.com?key=PmqTqZnT&token=26EvVInVr9DHYD3eZZHJQtvFFQp 400
2022/03/11 20:26:21 https://interview.hellotalk8.com?key=PnqmZTqT&token=26EvVInVr9DHYD3eZZHJQtvFFQp 400
2022/03/11 20:26:21 https://interview.hellotalk8.com?key=PZnmqTqT&token=26EvVInVr9DHYD3eZZHJQtvFFQp 400
2022/03/11 20:26:21 https://interview.hellotalk8.com?key=PTTqZqmn&token=26EvVInVr9DHYD3eZZHJQtvFFQp 400
2022/03/11 20:26:21 https://interview.hellotalk8.com?key=PTnqmqTZ&token=26EvVInVr9DHYD3eZZHJQtvFFQp 400
2022/03/11 20:26:21 https://interview.hellotalk8.com?key=PTmqTnqZ&token=26EvVInVr9DHYD3eZZHJQtvFFQp 400
2022/03/11 20:26:21 https://interview.hellotalk8.com?key=PTqZmTnq&token=26EvVInVr9DHYD3eZZHJQtvFFQp 400
2022/03/11 20:26:21 https://interview.hellotalk8.com?key=PmTnTqZq&token=26EvVInVr9DHYD3eZZHJQtvFFQp 400
2022/03/11 20:26:21 https://interview.hellotalk8.com?key=PTZTqmnq&token=26EvVInVr9DHYD3eZZHJQtvFFQp 400
2022/03/11 20:26:21 https://interview.hellotalk8.com?key=PTTZnmqq&token=26EvVInVr9DHYD3eZZHJQtvFFQp 400
2022/03/11 20:26:21 https://interview.hellotalk8.com?key=PTnqqmTZ&token=26EvVInVr9DHYD3eZZHJQtvFFQp 400
2022/03/11 20:26:21 https://interview.hellotalk8.com?key=PTqmTnqZ&token=26EvVInVr9DHYD3eZZHJQtvFFQp 400
2022/03/11 20:26:21 https://interview.hellotalk8.com?key=PTmqTZqn&token=26EvVInVr9DHYD3eZZHJQtvFFQp 400
2022/03/11 20:26:21 https://interview.hellotalk8.com?key=PTnqZmTq&token=26EvVInVr9DHYD3eZZHJQtvFFQp 400
2022/03/11 20:26:21 https://interview.hellotalk8.com?key=PTnqZTqm&token=26EvVInVr9DHYD3eZZHJQtvFFQp 400
2022/03/11 20:26:21 https://interview.hellotalk8.com?key=PTqTnqZm&token=26EvVInVr9DHYD3eZZHJQtvFFQp 400
2022/03/11 20:26:21 https://interview.hellotalk8.com?key=PTqmTqZn&token=26EvVInVr9DHYD3eZZHJQtvFFQp 400
2022/03/11 20:26:21 https://interview.hellotalk8.com?key=PTZnqqmT&token=26EvVInVr9DHYD3eZZHJQtvFFQp 400
2022/03/11 20:26:21 https://interview.hellotalk8.com?key=PTqmnZqT&token=26EvVInVr9DHYD3eZZHJQtvFFQp 400
2022/03/11 20:26:21 https://interview.hellotalk8.com?key=PTqZTqnm&token=26EvVInVr9DHYD3eZZHJQtvFFQp 400
2022/03/11 20:26:21 https://interview.hellotalk8.com?key=PTmqZTqn&token=26EvVInVr9DHYD3eZZHJQtvFFQp 400
2022/03/11 20:26:21 https://interview.hellotalk8.com?key=PTZmqTqn&token=26EvVInVr9DHYD3eZZHJQtvFFQp 400
2022/03/11 20:26:21 https://interview.hellotalk8.com?key=PTqmnqZT&token=26EvVInVr9DHYD3eZZHJQtvFFQp 400
2022/03/11 20:26:21 https://interview.hellotalk8.com?key=PZTmqTqn&token=26EvVInVr9DHYD3eZZHJQtvFFQp 400
2022/03/11 20:26:21 https://interview.hellotalk8.com?key=PZTTqqmn&token=26EvVInVr9DHYD3eZZHJQtvFFQp 400
2022/03/11 20:26:21 https://interview.hellotalk8.com?key=PTqmqTZn&token=26EvVInVr9DHYD3eZZHJQtvFFQp 400
2022/03/11 20:26:21 https://interview.hellotalk8.com?key=PTqmTnZq&token=26EvVInVr9DHYD3eZZHJQtvFFQp 400
2022/03/11 20:26:21 https://interview.hellotalk8.com?key=PZnTTmqq&token=26EvVInVr9DHYD3eZZHJQtvFFQp 400
2022/03/11 20:26:21 https://interview.hellotalk8.com?key=PZmTqnqT&token=26EvVInVr9DHYD3eZZHJQtvFFQp 400
2022/03/11 20:26:21 https://interview.hellotalk8.com?key=PTmqnTZq&token=26EvVInVr9DHYD3eZZHJQtvFFQp 400
2022/03/11 20:26:21 https://interview.hellotalk8.com?key=PTZqmnqT&token=26EvVInVr9DHYD3eZZHJQtvFFQp 400
2022/03/11 20:26:21 https://interview.hellotalk8.com?key=PTqZqnTm&token=26EvVInVr9DHYD3eZZHJQtvFFQp 400
2022/03/11 20:26:21 https://interview.hellotalk8.com?key=PTmqnTqZ&token=26EvVInVr9DHYD3eZZHJQtvFFQp 400
2022/03/11 20:26:21 https://interview.hellotalk8.com?key=PTqmqTnZ&token=26EvVInVr9DHYD3eZZHJQtvFFQp 400
2022/03/11 20:26:21 https://interview.hellotalk8.com?key=PTZmqnTq&token=26EvVInVr9DHYD3eZZHJQtvFFQp 400
2022/03/11 20:26:21 https://interview.hellotalk8.com?key=PZTqnqmT&token=26EvVInVr9DHYD3eZZHJQtvFFQp 400
2022/03/11 20:26:21 https://interview.hellotalk8.com?key=PTZnmTqq&token=26EvVInVr9DHYD3eZZHJQtvFFQp 400
2022/03/11 20:26:21 https://interview.hellotalk8.com?key=PTTnqqZm&token=26EvVInVr9DHYD3eZZHJQtvFFQp 400
2022/03/11 20:26:21 https://interview.hellotalk8.com?key=PZmTqqTn&token=26EvVInVr9DHYD3eZZHJQtvFFQp 400
2022/03/11 20:26:21 https://interview.hellotalk8.com?key=PTqTnZmq&token=26EvVInVr9DHYD3eZZHJQtvFFQp 400
2022/03/11 20:26:21 https://interview.hellotalk8.com?key=PZmTqqnT&token=26EvVInVr9DHYD3eZZHJQtvFFQp 400
2022/03/11 20:26:21 https://interview.hellotalk8.com?key=PTmqnZTq&token=26EvVInVr9DHYD3eZZHJQtvFFQp 400
2022/03/11 20:26:21 https://interview.hellotalk8.com?key=PTqqnTmZ&token=26EvVInVr9DHYD3eZZHJQtvFFQp 400
2022/03/11 20:26:21 https://interview.hellotalk8.com?key=PTTZmnqq&token=26EvVInVr9DHYD3eZZHJQtvFFQp 400
2022/03/11 20:26:21 https://interview.hellotalk8.com?key=PTTnmZqq&token=26EvVInVr9DHYD3eZZHJQtvFFQp 400
2022/03/11 20:26:21 https://interview.hellotalk8.com?key=PTTqmnqZ&token=26EvVInVr9DHYD3eZZHJQtvFFQp 400
2022/03/11 20:26:21 https://interview.hellotalk8.com?key=PTmqnZqT&token=26EvVInVr9DHYD3eZZHJQtvFFQp 400
2022/03/11 20:26:21 https://interview.hellotalk8.com?key=PmqTnqZT&token=26EvVInVr9DHYD3eZZHJQtvFFQp 400
2022/03/11 20:26:21 https://interview.hellotalk8.com?key=PTTZmqqn&token=26EvVInVr9DHYD3eZZHJQtvFFQp 400
2022/03/11 20:26:21 https://interview.hellotalk8.com?key=PTTqmqZn&token=26EvVInVr9DHYD3eZZHJQtvFFQp 400
2022/03/11 20:26:21 https://interview.hellotalk8.com?key=PTmqZnqT&token=26EvVInVr9DHYD3eZZHJQtvFFQp 400
2022/03/11 20:26:21 https://interview.hellotalk8.com?key=PTTqZmnq&token=26EvVInVr9DHYD3eZZHJQtvFFQp 400
2022/03/11 20:26:21 https://interview.hellotalk8.com?key=PTZmqnqT&token=26EvVInVr9DHYD3eZZHJQtvFFQp 400
2022/03/11 20:26:21 https://interview.hellotalk8.com?key=PTTqZmqn&token=26EvVInVr9DHYD3eZZHJQtvFFQp 400
2022/03/11 20:26:21 https://interview.hellotalk8.com?key=PTTqmqnZ&token=26EvVInVr9DHYD3eZZHJQtvFFQp 400
2022/03/11 20:26:21 https://interview.hellotalk8.com?key=PTTZnqqm&token=26EvVInVr9DHYD3eZZHJQtvFFQp 400
2022/03/11 20:26:21 https://interview.hellotalk8.com?key=PTTnqmqZ&token=26EvVInVr9DHYD3eZZHJQtvFFQp 400
2022/03/11 20:26:21 https://interview.hellotalk8.com?key=PTTqmZnq&token=26EvVInVr9DHYD3eZZHJQtvFFQp 400
2022/03/11 20:26:21 https://interview.hellotalk8.com?key=PTqmqZnT&token=26EvVInVr9DHYD3eZZHJQtvFFQp 400
2022/03/11 20:26:21 https://interview.hellotalk8.com?key=PZmnqTTq&token=26EvVInVr9DHYD3eZZHJQtvFFQp 400
2022/03/11 20:26:21 https://interview.hellotalk8.com?key=PTqTZqnm&token=26EvVInVr9DHYD3eZZHJQtvFFQp 400
2022/03/11 20:26:21 https://interview.hellotalk8.com?key=PTnqZqTm&token=26EvVInVr9DHYD3eZZHJQtvFFQp 400
2022/03/11 20:26:21 https://interview.hellotalk8.com?key=PZqqmnTT&token=26EvVInVr9DHYD3eZZHJQtvFFQp 400
2022/03/11 20:26:21 https://interview.hellotalk8.com?key=PTZnqmqT&token=26EvVInVr9DHYD3eZZHJQtvFFQp 400
2022/03/11 20:26:21 https://interview.hellotalk8.com?key=PTZqTnmq&token=26EvVInVr9DHYD3eZZHJQtvFFQp 400
2022/03/11 20:26:21 https://interview.hellotalk8.com?key=PZqqnTTm&token=26EvVInVr9DHYD3eZZHJQtvFFQp 400
2022/03/11 20:26:21 https://interview.hellotalk8.com?key=PTZnTqqm&token=26EvVInVr9DHYD3eZZHJQtvFFQp 400
2022/03/11 20:26:21 https://interview.hellotalk8.com?key=PTZnTmqq&token=26EvVInVr9DHYD3eZZHJQtvFFQp 400
2022/03/11 20:26:21 https://interview.hellotalk8.com?key=PmTTZnqq&token=26EvVInVr9DHYD3eZZHJQtvFFQp 400
2022/03/11 20:26:21 https://interview.hellotalk8.com?key=PTqnTqmZ&token=26EvVInVr9DHYD3eZZHJQtvFFQp 400
2022/03/11 20:26:21 https://interview.hellotalk8.com?key=PTnTqmqZ&token=26EvVInVr9DHYD3eZZHJQtvFFQp 400
2022/03/11 20:26:21 https://interview.hellotalk8.com?key=PTTqqZmn&token=26EvVInVr9DHYD3eZZHJQtvFFQp 400
2022/03/11 20:26:21 https://interview.hellotalk8.com?key=PZqqnmTT&token=26EvVInVr9DHYD3eZZHJQtvFFQp 400
2022/03/11 20:26:21 https://interview.hellotalk8.com?key=PmTTZqnq&token=26EvVInVr9DHYD3eZZHJQtvFFQp 400
2022/03/11 20:26:21 https://interview.hellotalk8.com?key=PZTTnqmq&token=26EvVInVr9DHYD3eZZHJQtvFFQp 400
2022/03/11 20:26:21 https://interview.hellotalk8.com?key=PTmZqTqn&token=26EvVInVr9DHYD3eZZHJQtvFFQp 400
2022/03/11 20:26:21 https://interview.hellotalk8.com?key=PTqqZmnT&token=26EvVInVr9DHYD3eZZHJQtvFFQp 400
2022/03/11 20:26:21 https://interview.hellotalk8.com?key=PmTTnqZq&token=26EvVInVr9DHYD3eZZHJQtvFFQp 400
2022/03/11 20:26:21 https://interview.hellotalk8.com?key=PTnqmZTq&token=26EvVInVr9DHYD3eZZHJQtvFFQp 400
2022/03/11 20:26:21 https://interview.hellotalk8.com?key=PTmZqqTn&token=26EvVInVr9DHYD3eZZHJQtvFFQp 400
2022/03/11 20:26:21 https://interview.hellotalk8.com?key=PZTTmnqq&token=26EvVInVr9DHYD3eZZHJQtvFFQp 400
2022/03/11 20:26:21 https://interview.hellotalk8.com?key=PmqnTqZT&token=26EvVInVr9DHYD3eZZHJQtvFFQp 400
2022/03/11 20:26:21 https://interview.hellotalk8.com?key=PTqnmTqZ&token=26EvVInVr9DHYD3eZZHJQtvFFQp 400
2022/03/11 20:26:21 https://interview.hellotalk8.com?key=PTTnqZmq&token=26EvVInVr9DHYD3eZZHJQtvFFQp 400
2022/03/11 20:26:21 https://interview.hellotalk8.com?key=PTTZqmqn&token=26EvVInVr9DHYD3eZZHJQtvFFQp 400
2022/03/11 20:26:21 https://interview.hellotalk8.com?key=PZnTqmTq&token=26EvVInVr9DHYD3eZZHJQtvFFQp 400
2022/03/11 20:26:21 https://interview.hellotalk8.com?key=PTnqqmZT&token=26EvVInVr9DHYD3eZZHJQtvFFQp 400
2022/03/11 20:26:21 https://interview.hellotalk8.com?key=PTTnZqqm&token=26EvVInVr9DHYD3eZZHJQtvFFQp 400
2022/03/11 20:26:21 https://interview.hellotalk8.com?key=PTTnqZqm&token=26EvVInVr9DHYD3eZZHJQtvFFQp 400
2022/03/11 20:26:21 https://interview.hellotalk8.com?key=PmTTqZqn&token=26EvVInVr9DHYD3eZZHJQtvFFQp 400
2022/03/11 20:26:21 https://interview.hellotalk8.com?key=PTTZqqmn&token=26EvVInVr9DHYD3eZZHJQtvFFQp 400
2022/03/11 20:26:21 https://interview.hellotalk8.com?key=PTTqmZqn&token=26EvVInVr9DHYD3eZZHJQtvFFQp 400
2022/03/11 20:26:21 https://interview.hellotalk8.com?key=PmTZqnTq&token=26EvVInVr9DHYD3eZZHJQtvFFQp 400
2022/03/11 20:26:21 https://interview.hellotalk8.com?key=PTTmZnqq&token=26EvVInVr9DHYD3eZZHJQtvFFQp 400
2022/03/11 20:26:21 https://interview.hellotalk8.com?key=PTTqZnmq&token=26EvVInVr9DHYD3eZZHJQtvFFQp 400
2022/03/11 20:26:21 https://interview.hellotalk8.com?key=PTTZqnqm&token=26EvVInVr9DHYD3eZZHJQtvFFQp 400
2022/03/11 20:26:21 https://interview.hellotalk8.com?key=PTmqTZnq&token=26EvVInVr9DHYD3eZZHJQtvFFQp 400
2022/03/11 20:26:21 https://interview.hellotalk8.com?key=PTTqnZmq&token=26EvVInVr9DHYD3eZZHJQtvFFQp 400
2022/03/11 20:26:21 https://interview.hellotalk8.com?key=PTTZqqnm&token=26EvVInVr9DHYD3eZZHJQtvFFQp 400
2022/03/11 20:26:21 https://interview.hellotalk8.com?key=PTTnmqqZ&token=26EvVInVr9DHYD3eZZHJQtvFFQp 400
2022/03/11 20:26:21 https://interview.hellotalk8.com?key=PZmqnTqT&token=26EvVInVr9DHYD3eZZHJQtvFFQp 400
2022/03/11 20:26:21 https://interview.hellotalk8.com?key=PTTZqnmq&token=26EvVInVr9DHYD3eZZHJQtvFFQp 400
2022/03/11 20:26:21 https://interview.hellotalk8.com?key=PTZqmTqn&token=26EvVInVr9DHYD3eZZHJQtvFFQp 400
2022/03/11 20:26:21 https://interview.hellotalk8.com?key=PmnqTqZT&token=26EvVInVr9DHYD3eZZHJQtvFFQp 400
2022/03/11 20:26:21 https://interview.hellotalk8.com?key=PmqTTqnZ&token=26EvVInVr9DHYD3eZZHJQtvFFQp 400
2022/03/11 20:26:21 https://interview.hellotalk8.com?key=PTTmqnZq&token=26EvVInVr9DHYD3eZZHJQtvFFQp 400
2022/03/11 20:26:21 https://interview.hellotalk8.com?key=PTqTnZqm&token=26EvVInVr9DHYD3eZZHJQtvFFQp 400
2022/03/11 20:26:21 https://interview.hellotalk8.com?key=PTTqmnZq&token=26EvVInVr9DHYD3eZZHJQtvFFQp 400
2022/03/11 20:26:21 https://interview.hellotalk8.com?key=PTqnTZqm&token=26EvVInVr9DHYD3eZZHJQtvFFQp 400
2022/03/11 20:26:21 https://interview.hellotalk8.com?key=PTqTnmZq&token=26EvVInVr9DHYD3eZZHJQtvFFQp 400
2022/03/11 20:26:21 https://interview.hellotalk8.com?key=PTqTnmqZ&token=26EvVInVr9DHYD3eZZHJQtvFFQp 400
2022/03/11 20:26:21 https://interview.hellotalk8.com?key=PTqmnqTZ&token=26EvVInVr9DHYD3eZZHJQtvFFQp 400
2022/03/11 20:26:21 https://interview.hellotalk8.com?key=PTnqZTmq&token=26EvVInVr9DHYD3eZZHJQtvFFQp 400
2022/03/11 20:26:21 https://interview.hellotalk8.com?key=PZqTmTqn&token=26EvVInVr9DHYD3eZZHJQtvFFQp 400
2022/03/11 20:26:21 https://interview.hellotalk8.com?key=PTmqZTnq&token=26EvVInVr9DHYD3eZZHJQtvFFQp 400
2022/03/11 20:26:21 https://interview.hellotalk8.com?key=PmZTTqqn&token=26EvVInVr9DHYD3eZZHJQtvFFQp 400
2022/03/11 20:26:21 https://interview.hellotalk8.com?key=PTZTqnqm&token=26EvVInVr9DHYD3eZZHJQtvFFQp 400
2022/03/11 20:26:21 https://interview.hellotalk8.com?key=PTTnmqZq&token=26EvVInVr9DHYD3eZZHJQtvFFQp 400
2022/03/11 20:26:21 https://interview.hellotalk8.com?key=PTmnqqZT&token=26EvVInVr9DHYD3eZZHJQtvFFQp 400
2022/03/11 20:26:21 https://interview.hellotalk8.com?key=PTTnqqmZ&token=26EvVInVr9DHYD3eZZHJQtvFFQp 400
2022/03/11 20:26:21 https://interview.hellotalk8.com?key=PTTnqmZq&token=26EvVInVr9DHYD3eZZHJQtvFFQp 400
2022/03/11 20:26:21 https://interview.hellotalk8.com?key=PTmqTqnZ&token=26EvVInVr9DHYD3eZZHJQtvFFQp 400
2022/03/11 20:26:21 https://interview.hellotalk8.com?key=PTZTqqnm&token=26EvVInVr9DHYD3eZZHJQtvFFQp 400
2022/03/11 20:26:21 https://interview.hellotalk8.com?key=PmTqTnqZ&token=26EvVInVr9DHYD3eZZHJQtvFFQp 400
2022/03/11 20:26:21 https://interview.hellotalk8.com?key=PTqqnZmT&token=26EvVInVr9DHYD3eZZHJQtvFFQp 400
2022/03/11 20:26:21 https://interview.hellotalk8.com?key=PTZTqmqn&token=26EvVInVr9DHYD3eZZHJQtvFFQp 400
2022/03/11 20:26:21 https://interview.hellotalk8.com?key=PTZqnTmq&token=26EvVInVr9DHYD3eZZHJQtvFFQp 400
2022/03/11 20:26:21 https://interview.hellotalk8.com?key=PTqTnqmZ&token=26EvVInVr9DHYD3eZZHJQtvFFQp 400
2022/03/11 20:26:21 https://interview.hellotalk8.com?key=PTZqqnTm&token=26EvVInVr9DHYD3eZZHJQtvFFQp 400
2022/03/11 20:26:21 https://interview.hellotalk8.com?key=PnTqqmZT&token=26EvVInVr9DHYD3eZZHJQtvFFQp 400
2022/03/11 20:26:21 https://interview.hellotalk8.com?key=PnZTTmqq&token=26EvVInVr9DHYD3eZZHJQtvFFQp 400
2022/03/11 20:26:21 https://interview.hellotalk8.com?key=PZnTTqmq&token=26EvVInVr9DHYD3eZZHJQtvFFQp 400
2022/03/11 20:26:21 https://interview.hellotalk8.com?key=PTmTZnqq&token=26EvVInVr9DHYD3eZZHJQtvFFQp 400
2022/03/11 20:26:21 https://interview.hellotalk8.com?key=PmTZTnqq&token=26EvVInVr9DHYD3eZZHJQtvFFQp 400
2022/03/11 20:26:21 https://interview.hellotalk8.com?key=PTqZTnqm&token=26EvVInVr9DHYD3eZZHJQtvFFQp 400
2022/03/11 20:26:21 https://interview.hellotalk8.com?key=PnZTqqmT&token=26EvVInVr9DHYD3eZZHJQtvFFQp 400
2022/03/11 20:26:21 https://interview.hellotalk8.com?key=PmqTnTqZ&token=26EvVInVr9DHYD3eZZHJQtvFFQp 400
2022/03/11 20:26:21 https://interview.hellotalk8.com?key=PmTZqqTn&token=26EvVInVr9DHYD3eZZHJQtvFFQp 400
2022/03/11 20:26:21 https://interview.hellotalk8.com?key=PmqTZqnT&token=26EvVInVr9DHYD3eZZHJQtvFFQp 400
2022/03/11 20:26:21 https://interview.hellotalk8.com?key=PTnqmqZT&token=26EvVInVr9DHYD3eZZHJQtvFFQp 400
2022/03/11 20:26:21 https://interview.hellotalk8.com?key=PZnTTqqm&token=26EvVInVr9DHYD3eZZHJQtvFFQp 400
2022/03/11 20:26:21 https://interview.hellotalk8.com?key=PTmTnZqq&token=26EvVInVr9DHYD3eZZHJQtvFFQp 400
2022/03/11 20:26:21 https://interview.hellotalk8.com?key=PTqqTmnZ&token=26EvVInVr9DHYD3eZZHJQtvFFQp 400
2022/03/11 20:26:21 https://interview.hellotalk8.com?key=PnqmqTTZ&token=26EvVInVr9DHYD3eZZHJQtvFFQp 400
2022/03/11 20:26:21 https://interview.hellotalk8.com?key=PTmnqTZq&token=26EvVInVr9DHYD3eZZHJQtvFFQp 400
2022/03/11 20:26:21 https://interview.hellotalk8.com?key=PmqnqZTT&token=26EvVInVr9DHYD3eZZHJQtvFFQp 400
2022/03/11 20:26:21 https://interview.hellotalk8.com?key=PZnqTmqT&token=26EvVInVr9DHYD3eZZHJQtvFFQp 400
2022/03/11 20:26:21 https://interview.hellotalk8.com?key=PTqqnZTm&token=26EvVInVr9DHYD3eZZHJQtvFFQp 400
2022/03/11 20:26:21 https://interview.hellotalk8.com?key=PnZTqmTq&token=26EvVInVr9DHYD3eZZHJQtvFFQp 400
2022/03/11 20:26:21 https://interview.hellotalk8.com?key=PZnTmTqq&token=26EvVInVr9DHYD3eZZHJQtvFFQp 400
2022/03/11 20:26:21 https://interview.hellotalk8.com?key=PTqqTnZm&token=26EvVInVr9DHYD3eZZHJQtvFFQp 400
2022/03/11 20:26:21 https://interview.hellotalk8.com?key=PTmnqZTq&token=26EvVInVr9DHYD3eZZHJQtvFFQp 400
2022/03/11 20:26:21 https://interview.hellotalk8.com?key=PTTnZqmq&token=26EvVInVr9DHYD3eZZHJQtvFFQp 400
2022/03/11 20:26:21 https://interview.hellotalk8.com?key=PZnTmqTq&token=26EvVInVr9DHYD3eZZHJQtvFFQp 400
2022/03/11 20:26:21 https://interview.hellotalk8.com?key=PTqqmZTn&token=26EvVInVr9DHYD3eZZHJQtvFFQp 400
2022/03/11 20:26:21 https://interview.hellotalk8.com?key=PmTZnqTq&token=26EvVInVr9DHYD3eZZHJQtvFFQp 400
2022/03/11 20:26:21 https://interview.hellotalk8.com?key=PnqmTTqZ&token=26EvVInVr9DHYD3eZZHJQtvFFQp 400
2022/03/11 20:26:21 https://interview.hellotalk8.com?key=PmqTTZqn&token=26EvVInVr9DHYD3eZZHJQtvFFQp 400
2022/03/11 20:26:21 https://interview.hellotalk8.com?key=PTqmTZnq&token=26EvVInVr9DHYD3eZZHJQtvFFQp 400
2022/03/11 20:26:21 https://interview.hellotalk8.com?key=PmTZnTqq&token=26EvVInVr9DHYD3eZZHJQtvFFQp 400
2022/03/11 20:26:21 https://interview.hellotalk8.com?key=PTnqmTqZ&token=26EvVInVr9DHYD3eZZHJQtvFFQp 400
2022/03/11 20:26:21 https://interview.hellotalk8.com?key=PZqTqTnm&token=26EvVInVr9DHYD3eZZHJQtvFFQp 400
2022/03/11 20:26:21 https://interview.hellotalk8.com?key=PZqTTnmq&token=26EvVInVr9DHYD3eZZHJQtvFFQp 400
2022/03/11 20:26:21 https://interview.hellotalk8.com?key=PmqTTZnq&token=26EvVInVr9DHYD3eZZHJQtvFFQp 400
2022/03/11 20:26:21 https://interview.hellotalk8.com?key=PTqmZqnT&token=26EvVInVr9DHYD3eZZHJQtvFFQp 400
2022/03/11 20:26:21 https://interview.hellotalk8.com?key=PTZnqTmq&token=26EvVInVr9DHYD3eZZHJQtvFFQp 400
2022/03/11 20:26:21 https://interview.hellotalk8.com?key=PTqmqZTn&token=26EvVInVr9DHYD3eZZHJQtvFFQp 400
2022/03/11 20:26:21 https://interview.hellotalk8.com?key=PqTTqmnZ&token=26EvVInVr9DHYD3eZZHJQtvFFQp 400
2022/03/11 20:26:21 https://interview.hellotalk8.com?key=PqTqZnmT&token=26EvVInVr9DHYD3eZZHJQtvFFQp 400
2022/03/11 20:26:21 https://interview.hellotalk8.com?key=PmqnqTTZ&token=26EvVInVr9DHYD3eZZHJQtvFFQp 400
2022/03/11 20:26:21 https://interview.hellotalk8.com?key=PqTTmnqZ&token=26EvVInVr9DHYD3eZZHJQtvFFQp 400
2022/03/11 20:26:21 https://interview.hellotalk8.com?key=PqTqmTZn&token=26EvVInVr9DHYD3eZZHJQtvFFQp 400
2022/03/11 20:26:21 https://interview.hellotalk8.com?key=PZqTqTmn&token=26EvVInVr9DHYD3eZZHJQtvFFQp 400
2022/03/11 20:26:21 https://interview.hellotalk8.com?key=PZqqmTnT&token=26EvVInVr9DHYD3eZZHJQtvFFQp 400
2022/03/11 20:26:21 https://interview.hellotalk8.com?key=PTZmqqTn&token=26EvVInVr9DHYD3eZZHJQtvFFQp 400
2022/03/11 20:26:21 https://interview.hellotalk8.com?key=PTqZTqmn&token=26EvVInVr9DHYD3eZZHJQtvFFQp 400
2022/03/11 20:26:21 https://interview.hellotalk8.com?key=PqTTnZqm&token=26EvVInVr9DHYD3eZZHJQtvFFQp 400
2022/03/11 20:26:21 https://interview.hellotalk8.com?key=PZnTmqqT&token=26EvVInVr9DHYD3eZZHJQtvFFQp 400
2022/03/11 20:26:21 https://interview.hellotalk8.com?key=PZqmTqnT&token=26EvVInVr9DHYD3eZZHJQtvFFQp 400
2022/03/11 20:26:21 https://interview.hellotalk8.com?key=PmTqZqTn&token=26EvVInVr9DHYD3eZZHJQtvFFQp 400
2022/03/11 20:26:21 https://interview.hellotalk8.com?key=PTZqTqnm&token=26EvVInVr9DHYD3eZZHJQtvFFQp 400
2022/03/11 20:26:21 https://interview.hellotalk8.com?key=PmTqqZTn&token=26EvVInVr9DHYD3eZZHJQtvFFQp 400
2022/03/11 20:26:21 https://interview.hellotalk8.com?key=PTTqnmqZ&token=26EvVInVr9DHYD3eZZHJQtvFFQp 400
2022/03/11 20:26:21 https://interview.hellotalk8.com?key=PZnTqTqm&token=26EvVInVr9DHYD3eZZHJQtvFFQp 400
2022/03/11 20:26:21 https://interview.hellotalk8.com?key=PTTmnqqZ&token=26EvVInVr9DHYD3eZZHJQtvFFQp 400
2022/03/11 20:26:21 https://interview.hellotalk8.com?key=PTmZTqqn&token=26EvVInVr9DHYD3eZZHJQtvFFQp 400
2022/03/11 20:26:21 https://interview.hellotalk8.com?key=PZmqnTTq&token=26EvVInVr9DHYD3eZZHJQtvFFQp 400
2022/03/11 20:26:21 https://interview.hellotalk8.com?key=PZqqTmnT&token=26EvVInVr9DHYD3eZZHJQtvFFQp 400
2022/03/11 20:26:21 https://interview.hellotalk8.com?key=PqTqmTnZ&token=26EvVInVr9DHYD3eZZHJQtvFFQp 400
2022/03/11 20:26:21 https://interview.hellotalk8.com?key=PmnqZTTq&token=26EvVInVr9DHYD3eZZHJQtvFFQp 400
2022/03/11 20:26:21 https://interview.hellotalk8.com?key=PmqqTZTn&token=26EvVInVr9DHYD3eZZHJQtvFFQp 400
2022/03/11 20:26:21 https://interview.hellotalk8.com?key=PTZnmqTq&token=26EvVInVr9DHYD3eZZHJQtvFFQp 400
2022/03/11 20:26:21 https://interview.hellotalk8.com?key=PZqTqnTm&token=26EvVInVr9DHYD3eZZHJQtvFFQp 400
2022/03/11 20:26:21 https://interview.hellotalk8.com?key=PnTTqZmq&token=26EvVInVr9DHYD3eZZHJQtvFFQp 400
2022/03/11 20:26:21 https://interview.hellotalk8.com?key=PmZnTqqT&token=26EvVInVr9DHYD3eZZHJQtvFFQp 400
2022/03/11 20:26:21 https://interview.hellotalk8.com?key=PZmnTTqq&token=26EvVInVr9DHYD3eZZHJQtvFFQp 400
2022/03/11 20:26:21 https://interview.hellotalk8.com?key=PZqmTTqn&token=26EvVInVr9DHYD3eZZHJQtvFFQp 400
2022/03/11 20:26:21 https://interview.hellotalk8.com?key=PTqmnTZq&token=26EvVInVr9DHYD3eZZHJQtvFFQp 400
2022/03/11 20:26:21 https://interview.hellotalk8.com?key=PnqmqTZT&token=26EvVInVr9DHYD3eZZHJQtvFFQp 400
2022/03/11 20:26:21 https://interview.hellotalk8.com?key=PZqTqmTn&token=26EvVInVr9DHYD3eZZHJQtvFFQp 400
2022/03/11 20:26:21 https://interview.hellotalk8.com?key=PTqmZqTn&token=26EvVInVr9DHYD3eZZHJQtvFFQp 400
2022/03/11 20:26:21 https://interview.hellotalk8.com?key=PmqqZTTn&token=26EvVInVr9DHYD3eZZHJQtvFFQp 400
2022/03/11 20:26:21 https://interview.hellotalk8.com?key=PqTTmZqn&token=26EvVInVr9DHYD3eZZHJQtvFFQp 400
2022/03/11 20:26:21 https://interview.hellotalk8.com?key=PmTqqTZn&token=26EvVInVr9DHYD3eZZHJQtvFFQp 400
2022/03/11 20:26:21 https://interview.hellotalk8.com?key=PmTqnZqT&token=26EvVInVr9DHYD3eZZHJQtvFFQp 400
2022/03/11 20:26:21 https://interview.hellotalk8.com?key=PqTTnqZm&token=26EvVInVr9DHYD3eZZHJQtvFFQp 400
2022/03/11 20:26:21 https://interview.hellotalk8.com?key=PmTqTqZn&token=26EvVInVr9DHYD3eZZHJQtvFFQp 400
2022/03/11 20:26:21 https://interview.hellotalk8.com?key=PmTTqZnq&token=26EvVInVr9DHYD3eZZHJQtvFFQp 400
2022/03/11 20:26:21 https://interview.hellotalk8.com?key=PZqTqmnT&token=26EvVInVr9DHYD3eZZHJQtvFFQp 400
2022/03/11 20:26:21 https://interview.hellotalk8.com?key=PqTTZqnm&token=26EvVInVr9DHYD3eZZHJQtvFFQp 400
2022/03/11 20:26:21 https://interview.hellotalk8.com?key=PTqnTZmq&token=26EvVInVr9DHYD3eZZHJQtvFFQp 400
2022/03/11 20:26:21 https://interview.hellotalk8.com?key=PTnmTqqZ&token=26EvVInVr9DHYD3eZZHJQtvFFQp 400
2022/03/11 20:26:21 https://interview.hellotalk8.com?key=PnTqqmTZ&token=26EvVInVr9DHYD3eZZHJQtvFFQp 400
2022/03/11 20:26:21 https://interview.hellotalk8.com?key=PTqnZTqm&token=26EvVInVr9DHYD3eZZHJQtvFFQp 400
2022/03/11 20:26:21 https://interview.hellotalk8.com?key=PZTqqTnm&token=26EvVInVr9DHYD3eZZHJQtvFFQp 400
2022/03/11 20:26:21 https://interview.hellotalk8.com?key=PqTTnmZq&token=26EvVInVr9DHYD3eZZHJQtvFFQp 400
2022/03/11 20:26:21 https://interview.hellotalk8.com?key=PmqqTTZn&token=26EvVInVr9DHYD3eZZHJQtvFFQp 400
2022/03/11 20:26:21 https://interview.hellotalk8.com?key=PmqqTnTZ&token=26EvVInVr9DHYD3eZZHJQtvFFQp 400
2022/03/11 20:26:21 https://interview.hellotalk8.com?key=PZqmTnTq&token=26EvVInVr9DHYD3eZZHJQtvFFQp 400
2022/03/11 20:26:21 https://interview.hellotalk8.com?key=PTnZqmTq&token=26EvVInVr9DHYD3eZZHJQtvFFQp 400
2022/03/11 20:26:21 https://interview.hellotalk8.com?key=PTqnZTmq&token=26EvVInVr9DHYD3eZZHJQtvFFQp 400
2022/03/11 20:26:21 https://interview.hellotalk8.com?key=PmTTqqnZ&token=26EvVInVr9DHYD3eZZHJQtvFFQp 400
2022/03/11 20:26:21 https://interview.hellotalk8.com?key=PTTmqnqZ&token=26EvVInVr9DHYD3eZZHJQtvFFQp 400
2022/03/11 20:26:21 https://interview.hellotalk8.com?key=PmnqqZTT&token=26EvVInVr9DHYD3eZZHJQtvFFQp 400
2022/03/11 20:26:21 https://interview.hellotalk8.com?key=PTmnqTqZ&token=26EvVInVr9DHYD3eZZHJQtvFFQp 400
2022/03/11 20:26:21 https://interview.hellotalk8.com?key=PTqTqZmn&token=26EvVInVr9DHYD3eZZHJQtvFFQp 400
2022/03/11 20:26:21 https://interview.hellotalk8.com?key=PTnZqqTm&token=26EvVInVr9DHYD3eZZHJQtvFFQp 400
2022/03/11 20:26:21 https://interview.hellotalk8.com?key=PZqmTTnq&token=26EvVInVr9DHYD3eZZHJQtvFFQp 400
2022/03/11 20:26:21 https://interview.hellotalk8.com?key=PnTTqmqZ&token=26EvVInVr9DHYD3eZZHJQtvFFQp 400
2022/03/11 20:26:21 https://interview.hellotalk8.com?key=PmqnTqTZ&token=26EvVInVr9DHYD3eZZHJQtvFFQp 400
2022/03/11 20:26:21 https://interview.hellotalk8.com?key=PmZTnqTq&token=26EvVInVr9DHYD3eZZHJQtvFFQp 400
2022/03/11 20:26:21 https://interview.hellotalk8.com?key=PmTZTqnq&token=26EvVInVr9DHYD3eZZHJQtvFFQp 400
2022/03/11 20:26:21 https://interview.hellotalk8.com?key=PTTnZmqq&token=26EvVInVr9DHYD3eZZHJQtvFFQp 400
2022/03/11 20:26:21 https://interview.hellotalk8.com?key=PTqqTmZn&token=26EvVInVr9DHYD3eZZHJQtvFFQp 400
2022/03/11 20:26:21 https://interview.hellotalk8.com?key=PTqqTZmn&token=26EvVInVr9DHYD3eZZHJQtvFFQp 400
2022/03/11 20:26:21 https://interview.hellotalk8.com?key=PZqTnqmT&token=26EvVInVr9DHYD3eZZHJQtvFFQp 400
2022/03/11 20:26:21 https://interview.hellotalk8.com?key=PTqnqTZm&token=26EvVInVr9DHYD3eZZHJQtvFFQp 400
2022/03/11 20:26:21 https://interview.hellotalk8.com?key=PqTTmnZq&token=26EvVInVr9DHYD3eZZHJQtvFFQp 400
2022/03/11 20:26:21 https://interview.hellotalk8.com?key=PTqqTnmZ&token=26EvVInVr9DHYD3eZZHJQtvFFQp 400
2022/03/11 20:26:21 https://interview.hellotalk8.com?key=PTTmqqnZ&token=26EvVInVr9DHYD3eZZHJQtvFFQp 400
2022/03/11 20:26:21 https://interview.hellotalk8.com?key=PTqTmqZn&token=26EvVInVr9DHYD3eZZHJQtvFFQp 400
2022/03/11 20:26:21 https://interview.hellotalk8.com?key=PmnqqTZT&token=26EvVInVr9DHYD3eZZHJQtvFFQp 400
2022/03/11 20:26:21 https://interview.hellotalk8.com?key=PTTmqqZn&token=26EvVInVr9DHYD3eZZHJQtvFFQp 400
2022/03/11 20:26:21 https://interview.hellotalk8.com?key=PmTqqZnT&token=26EvVInVr9DHYD3eZZHJQtvFFQp 400
2022/03/11 20:26:21 https://interview.hellotalk8.com?key=PZmqqTTn&token=26EvVInVr9DHYD3eZZHJQtvFFQp 400
2022/03/11 20:26:21 https://interview.hellotalk8.com?key=PZmqqTnT&token=26EvVInVr9DHYD3eZZHJQtvFFQp 400
2022/03/11 20:26:21 https://interview.hellotalk8.com?key=PTqqTZnm&token=26EvVInVr9DHYD3eZZHJQtvFFQp 400
2022/03/11 20:26:21 https://interview.hellotalk8.com?key=PTTqqmZn&token=26EvVInVr9DHYD3eZZHJQtvFFQp 400
2022/03/11 20:26:21 https://interview.hellotalk8.com?key=PTZTmqnq&token=26EvVInVr9DHYD3eZZHJQtvFFQp 400
2022/03/11 20:26:21 https://interview.hellotalk8.com?key=PTqqZTnm&token=26EvVInVr9DHYD3eZZHJQtvFFQp 400
2022/03/11 20:26:21 https://interview.hellotalk8.com?key=PTZqTmqn&token=26EvVInVr9DHYD3eZZHJQtvFFQp 400
2022/03/11 20:26:21 https://interview.hellotalk8.com?key=PZmqnqTT&token=26EvVInVr9DHYD3eZZHJQtvFFQp 400
2022/03/11 20:26:21 https://interview.hellotalk8.com?key=PTqnqTmZ&token=26EvVInVr9DHYD3eZZHJQtvFFQp 400
2022/03/11 20:26:21 https://interview.hellotalk8.com?key=PmTZTqqn&token=26EvVInVr9DHYD3eZZHJQtvFFQp 400
2022/03/11 20:26:21 https://interview.hellotalk8.com?key=PmZTqTnq&token=26EvVInVr9DHYD3eZZHJQtvFFQp 400
2022/03/11 20:26:21 https://interview.hellotalk8.com?key=PZqmnqTT&token=26EvVInVr9DHYD3eZZHJQtvFFQp 400
2022/03/11 20:26:21 https://interview.hellotalk8.com?key=PqTZTmqn&token=26EvVInVr9DHYD3eZZHJQtvFFQp 400
2022/03/11 20:26:21 https://interview.hellotalk8.com?key=PmTTqqZn&token=26EvVInVr9DHYD3eZZHJQtvFFQp 400
2022/03/11 20:26:21 https://interview.hellotalk8.com?key=PTqnqmTZ&token=26EvVInVr9DHYD3eZZHJQtvFFQp 400
2022/03/11 20:26:21 https://interview.hellotalk8.com?key=PmnqZTqT&token=26EvVInVr9DHYD3eZZHJQtvFFQp 400
2022/03/11 20:26:21 https://interview.hellotalk8.com?key=PTqnqmZT&token=26EvVInVr9DHYD3eZZHJQtvFFQp 400
2022/03/11 20:26:21 https://interview.hellotalk8.com?key=PTnTmZqq&token=26EvVInVr9DHYD3eZZHJQtvFFQp 400
2022/03/11 20:26:21 https://interview.hellotalk8.com?key=PZmqqnTT&token=26EvVInVr9DHYD3eZZHJQtvFFQp 400
2022/03/11 20:26:21 https://interview.hellotalk8.com?key=PnTqqZmT&token=26EvVInVr9DHYD3eZZHJQtvFFQp 400
2022/03/11 20:26:21 https://interview.hellotalk8.com?key=PTTmZqqn&token=26EvVInVr9DHYD3eZZHJQtvFFQp 400
2022/03/11 20:26:21 https://interview.hellotalk8.com?key=PZqmqTTn&token=26EvVInVr9DHYD3eZZHJQtvFFQp 400
2022/03/11 20:26:21 https://interview.hellotalk8.com?key=PmqTqTZn&token=26EvVInVr9DHYD3eZZHJQtvFFQp 400
2022/03/11 20:26:21 https://interview.hellotalk8.com?key=PTqTZqmn&token=26EvVInVr9DHYD3eZZHJQtvFFQp 400
2022/03/11 20:26:21 https://interview.hellotalk8.com?key=PmTqnqTZ&token=26EvVInVr9DHYD3eZZHJQtvFFQp 400
2022/03/11 20:26:21 https://interview.hellotalk8.com?key=PTZmnTqq&token=26EvVInVr9DHYD3eZZHJQtvFFQp 400
2022/03/11 20:26:21 https://interview.hellotalk8.com?key=PTZqqnmT&token=26EvVInVr9DHYD3eZZHJQtvFFQp 400
2022/03/11 20:26:21 https://interview.hellotalk8.com?key=PZqqTTmn&token=26EvVInVr9DHYD3eZZHJQtvFFQp 400
2022/03/11 20:26:21 https://interview.hellotalk8.com?key=PqTZnTmq&token=26EvVInVr9DHYD3eZZHJQtvFFQp 400
2022/03/11 20:26:21 https://interview.hellotalk8.com?key=PZqnqmTT&token=26EvVInVr9DHYD3eZZHJQtvFFQp 400
2022/03/11 20:26:21 https://interview.hellotalk8.com?key=PmZTqqnT&token=26EvVInVr9DHYD3eZZHJQtvFFQp 400
2022/03/11 20:26:21 https://interview.hellotalk8.com?key=PqTZnTqm&token=26EvVInVr9DHYD3eZZHJQtvFFQp 400
2022/03/11 20:26:21 https://interview.hellotalk8.com?key=PZqnTqTm&token=26EvVInVr9DHYD3eZZHJQtvFFQp 400
2022/03/11 20:26:21 https://interview.hellotalk8.com?key=PmZTqqTn&token=26EvVInVr9DHYD3eZZHJQtvFFQp 400
2022/03/11 20:26:21 https://interview.hellotalk8.com?key=PmZTqnTq&token=26EvVInVr9DHYD3eZZHJQtvFFQp 400
2022/03/11 20:26:21 https://interview.hellotalk8.com?key=PqTZqnTm&token=26EvVInVr9DHYD3eZZHJQtvFFQp 400
2022/03/11 20:26:21 https://interview.hellotalk8.com?key=PmZqTTnq&token=26EvVInVr9DHYD3eZZHJQtvFFQp 400
2022/03/11 20:26:21 https://interview.hellotalk8.com?key=PZqqTTnm&token=26EvVInVr9DHYD3eZZHJQtvFFQp 400
2022/03/11 20:26:21 https://interview.hellotalk8.com?key=PqTZTnmq&token=26EvVInVr9DHYD3eZZHJQtvFFQp 400
2022/03/11 20:26:21 https://interview.hellotalk8.com?key=PTmnTqqZ&token=26EvVInVr9DHYD3eZZHJQtvFFQp 400
2022/03/11 20:26:21 https://interview.hellotalk8.com?key=PTTqnqZm&token=26EvVInVr9DHYD3eZZHJQtvFFQp 400
2022/03/11 20:26:21 https://interview.hellotalk8.com?key=PmTZnqqT&token=26EvVInVr9DHYD3eZZHJQtvFFQp 400
2022/03/11 20:26:21 https://interview.hellotalk8.com?key=PqTTZmqn&token=26EvVInVr9DHYD3eZZHJQtvFFQp 400
2022/03/11 20:26:21 https://interview.hellotalk8.com?key=PZnTqTmq&token=26EvVInVr9DHYD3eZZHJQtvFFQp 400
2022/03/11 20:26:21 https://interview.hellotalk8.com?key=PZTTqmnq&token=26EvVInVr9DHYD3eZZHJQtvFFQp 400
2022/03/11 20:26:21 https://interview.hellotalk8.com?key=PTnqqTZm&token=26EvVInVr9DHYD3eZZHJQtvFFQp 400
2022/03/11 20:26:21 https://interview.hellotalk8.com?key=PTnTqqmZ&token=26EvVInVr9DHYD3eZZHJQtvFFQp 400
2022/03/11 20:26:21 https://interview.hellotalk8.com?key=PZTnmTqq&token=26EvVInVr9DHYD3eZZHJQtvFFQp 400
2022/03/11 20:26:21 https://interview.hellotalk8.com?key=PTnZTqmq&token=26EvVInVr9DHYD3eZZHJQtvFFQp 400
2022/03/11 20:26:21 https://interview.hellotalk8.com?key=PnqmTZqT&token=26EvVInVr9DHYD3eZZHJQtvFFQp 400
2022/03/11 20:26:21 https://interview.hellotalk8.com?key=PZqTmnTq&token=26EvVInVr9DHYD3eZZHJQtvFFQp 400
2022/03/11 20:26:21 https://interview.hellotalk8.com?key=PTnmqZqT&token=26EvVInVr9DHYD3eZZHJQtvFFQp 400
2022/03/11 20:26:21 https://interview.hellotalk8.com?key=PmTqTZnq&token=26EvVInVr9DHYD3eZZHJQtvFFQp 400
2022/03/11 20:26:21 https://interview.hellotalk8.com?key=PZnqTmTq&token=26EvVInVr9DHYD3eZZHJQtvFFQp 400
2022/03/11 20:26:21 https://interview.hellotalk8.com?key=PnqqmZTT&token=26EvVInVr9DHYD3eZZHJQtvFFQp 400
2022/03/11 20:26:21 https://interview.hellotalk8.com?key=PnqqTmZT&token=26EvVInVr9DHYD3eZZHJQtvFFQp 400
2022/03/11 20:26:21 https://interview.hellotalk8.com?key=PmTZqTnq&token=26EvVInVr9DHYD3eZZHJQtvFFQp 400
2022/03/11 20:26:21 https://interview.hellotalk8.com?key=PmZTTnqq&token=26EvVInVr9DHYD3eZZHJQtvFFQp 400
2022/03/11 20:26:21 https://interview.hellotalk8.com?key=PmTqZnTq&token=26EvVInVr9DHYD3eZZHJQtvFFQp 400
2022/03/11 20:26:21 https://interview.hellotalk8.com?key=PmqTTnZq&token=26EvVInVr9DHYD3eZZHJQtvFFQp 400
2022/03/11 20:26:21 https://interview.hellotalk8.com?key=PZnqTTmq&token=26EvVInVr9DHYD3eZZHJQtvFFQp 400
2022/03/11 20:26:21 https://interview.hellotalk8.com?key=PTmZnqTq&token=26EvVInVr9DHYD3eZZHJQtvFFQp 400
2022/03/11 20:26:21 https://interview.hellotalk8.com?key=PmqTTnqZ&token=26EvVInVr9DHYD3eZZHJQtvFFQp 400
2022/03/11 20:26:21 https://interview.hellotalk8.com?key=PTmnTqZq&token=26EvVInVr9DHYD3eZZHJQtvFFQp 400
2022/03/11 20:26:21 https://interview.hellotalk8.com?key=PTqqmnTZ&token=26EvVInVr9DHYD3eZZHJQtvFFQp 400
2022/03/11 20:26:21 https://interview.hellotalk8.com?key=PnqmZqTT&token=26EvVInVr9DHYD3eZZHJQtvFFQp 400
2022/03/11 20:26:21 https://interview.hellotalk8.com?key=PZqTTqnm&token=26EvVInVr9DHYD3eZZHJQtvFFQp 400
2022/03/11 20:26:21 https://interview.hellotalk8.com?key=PnZqTmqT&token=26EvVInVr9DHYD3eZZHJQtvFFQp 400
2022/03/11 20:26:21 https://interview.hellotalk8.com?key=PZqTnqTm&token=26EvVInVr9DHYD3eZZHJQtvFFQp 400
2022/03/11 20:26:21 https://interview.hellotalk8.com?key=PmqnZTTq&token=26EvVInVr9DHYD3eZZHJQtvFFQp 400
2022/03/11 20:26:21 https://interview.hellotalk8.com?key=PqTTZqmn&token=26EvVInVr9DHYD3eZZHJQtvFFQp 400
2022/03/11 20:26:21 https://interview.hellotalk8.com?key=PmTqqTnZ&token=26EvVInVr9DHYD3eZZHJQtvFFQp 400
2022/03/11 20:26:21 https://interview.hellotalk8.com?key=PqTTZmnq&token=26EvVInVr9DHYD3eZZHJQtvFFQp 400
2022/03/11 20:26:21 https://interview.hellotalk8.com?key=PTZTqqmn&token=26EvVInVr9DHYD3eZZHJQtvFFQp 400
2022/03/11 20:26:21 https://interview.hellotalk8.com?key=PZqTnmTq&token=26EvVInVr9DHYD3eZZHJQtvFFQp 400
2022/03/11 20:26:21 https://interview.hellotalk8.com?key=PZTmnqqT&token=26EvVInVr9DHYD3eZZHJQtvFFQp 400
2022/03/11 20:26:21 https://interview.hellotalk8.com?key=PZqTnmqT&token=26EvVInVr9DHYD3eZZHJQtvFFQp 400
2022/03/11 20:26:21 https://interview.hellotalk8.com?key=PqTTmZnq&token=26EvVInVr9DHYD3eZZHJQtvFFQp 400
2022/03/11 20:26:21 https://interview.hellotalk8.com?key=PnZqTmTq&token=26EvVInVr9DHYD3eZZHJQtvFFQp 400
2022/03/11 20:26:21 https://interview.hellotalk8.com?key=PnqqmTZT&token=26EvVInVr9DHYD3eZZHJQtvFFQp 400
2022/03/11 20:26:21 https://interview.hellotalk8.com?key=PnZmTqqT&token=26EvVInVr9DHYD3eZZHJQtvFFQp 400
2022/03/11 20:26:21 https://interview.hellotalk8.com?key=PqTTnmqZ&token=26EvVInVr9DHYD3eZZHJQtvFFQp 400
2022/03/11 20:26:21 https://interview.hellotalk8.com?key=PmqnZTqT&token=26EvVInVr9DHYD3eZZHJQtvFFQp 400
2022/03/11 20:26:21 https://interview.hellotalk8.com?key=PZqTnTqm&token=26EvVInVr9DHYD3eZZHJQtvFFQp 400
2022/03/11 20:26:21 https://interview.hellotalk8.com?key=PqTTnZmq&token=26EvVInVr9DHYD3eZZHJQtvFFQp 400
2022/03/11 20:26:21 https://interview.hellotalk8.com?key=PqTTmqZn&token=26EvVInVr9DHYD3eZZHJQtvFFQp 400
2022/03/11 20:26:21 https://interview.hellotalk8.com?key=PmTqqnTZ&token=26EvVInVr9DHYD3eZZHJQtvFFQp 400
2022/03/11 20:26:21 https://interview.hellotalk8.com?key=PmZTTqnq&token=26EvVInVr9DHYD3eZZHJQtvFFQp 400
2022/03/11 20:26:21 https://interview.hellotalk8.com?key=PmZTnTqq&token=26EvVInVr9DHYD3eZZHJQtvFFQp 400
2022/03/11 20:26:21 https://interview.hellotalk8.com?key=PTnZqmqT&token=26EvVInVr9DHYD3eZZHJQtvFFQp 400
2022/03/11 20:26:21 https://interview.hellotalk8.com?key=PqTTmqnZ&token=26EvVInVr9DHYD3eZZHJQtvFFQp 400
2022/03/11 20:26:21 https://interview.hellotalk8.com?key=PmqqTTnZ&token=26EvVInVr9DHYD3eZZHJQtvFFQp 400
2022/03/11 20:26:21 https://interview.hellotalk8.com?key=PZqmnTqT&token=26EvVInVr9DHYD3eZZHJQtvFFQp 400
2022/03/11 20:26:21 https://interview.hellotalk8.com?key=PmqqZTnT&token=26EvVInVr9DHYD3eZZHJQtvFFQp 400
2022/03/11 20:26:21 https://interview.hellotalk8.com?key=PmqnqTZT&token=26EvVInVr9DHYD3eZZHJQtvFFQp 400
2022/03/11 20:26:21 https://interview.hellotalk8.com?key=PmZTqTqn&token=26EvVInVr9DHYD3eZZHJQtvFFQp 400
2022/03/11 20:26:21 https://interview.hellotalk8.com?key=PqTZTnqm&token=26EvVInVr9DHYD3eZZHJQtvFFQp 400
2022/03/11 20:26:21 https://interview.hellotalk8.com?key=PZmTnqqT&token=26EvVInVr9DHYD3eZZHJQtvFFQp 400
2022/03/11 20:26:21 https://interview.hellotalk8.com?key=PqTZTmnq&token=26EvVInVr9DHYD3eZZHJQtvFFQp 400
2022/03/11 20:26:21 https://interview.hellotalk8.com?key=PqTTqnmZ&token=26EvVInVr9DHYD3eZZHJQtvFFQp 400
2022/03/11 20:26:21 https://interview.hellotalk8.com?key=PZqmqnTT&token=26EvVInVr9DHYD3eZZHJQtvFFQp 400
2022/03/11 20:26:21 https://interview.hellotalk8.com?key=PmZTqnqT&token=26EvVInVr9DHYD3eZZHJQtvFFQp 400
2022/03/11 20:26:21 https://interview.hellotalk8.com?key=PTnZTmqq&token=26EvVInVr9DHYD3eZZHJQtvFFQp 400
2022/03/11 20:26:21 https://interview.hellotalk8.com?key=PTnZTqqm&token=26EvVInVr9DHYD3eZZHJQtvFFQp 400
2022/03/11 20:26:21 https://interview.hellotalk8.com?key=PZqqTmTn&token=26EvVInVr9DHYD3eZZHJQtvFFQp 400
2022/03/11 20:26:21 https://interview.hellotalk8.com?key=PTqTmqnZ&token=26EvVInVr9DHYD3eZZHJQtvFFQp 400
2022/03/11 20:26:21 https://interview.hellotalk8.com?key=PTnmZqTq&token=26EvVInVr9DHYD3eZZHJQtvFFQp 400
2022/03/11 20:26:22 https://interview.hellotalk8.com?key=PmZnqTqT&token=26EvVInVr9DHYD3eZZHJQtvFFQp 400
2022/03/11 20:26:22 https://interview.hellotalk8.com?key=PZmnTqqT&token=26EvVInVr9DHYD3eZZHJQtvFFQp 400
2022/03/11 20:26:22 https://interview.hellotalk8.com?key=PmqnTTqZ&token=26EvVInVr9DHYD3eZZHJQtvFFQp 400
2022/03/11 20:26:22 https://interview.hellotalk8.com?key=PmZnqTTq&token=26EvVInVr9DHYD3eZZHJQtvFFQp 400
2022/03/11 20:26:22 https://interview.hellotalk8.com?key=PqTqmZTn&token=26EvVInVr9DHYD3eZZHJQtvFFQp 400
2022/03/11 20:26:21 https://interview.hellotalk8.com?key=PZqnmqTT&token=26EvVInVr9DHYD3eZZHJQtvFFQp 400
2022/03/11 20:26:21 https://interview.hellotalk8.com?key=PZTTqnmq&token=26EvVInVr9DHYD3eZZHJQtvFFQp 400
2022/03/11 20:26:22 https://interview.hellotalk8.com?key=PZTTqnqm&token=26EvVInVr9DHYD3eZZHJQtvFFQp 400
2022/03/11 20:26:22 https://interview.hellotalk8.com?key=PmZnqqTT&token=26EvVInVr9DHYD3eZZHJQtvFFQp 400
2022/03/11 20:26:21 https://interview.hellotalk8.com?key=PTTqnqmZ&token=26EvVInVr9DHYD3eZZHJQtvFFQp 400
2022/03/11 20:26:22 https://interview.hellotalk8.com?key=PTnTmqqZ&token=26EvVInVr9DHYD3eZZHJQtvFFQp 400
2022/03/11 20:26:22 https://interview.hellotalk8.com?key=PTqmZTnq&token=26EvVInVr9DHYD3eZZHJQtvFFQp 400
2022/03/11 20:26:22 https://interview.hellotalk8.com?key=PmnqqTTZ&token=26EvVInVr9DHYD3eZZHJQtvFFQp 400
2022/03/11 20:26:22 https://interview.hellotalk8.com?key=PnTTmqqZ&token=26EvVInVr9DHYD3eZZHJQtvFFQp 400
2022/03/11 20:26:22 https://interview.hellotalk8.com?key=PTqnZqTm&token=26EvVInVr9DHYD3eZZHJQtvFFQp 400
2022/03/11 20:26:22 https://interview.hellotalk8.com?key=PmnqTZTq&token=26EvVInVr9DHYD3eZZHJQtvFFQp 400
2022/03/11 20:26:22 https://interview.hellotalk8.com?key=PnTqmTqZ&token=26EvVInVr9DHYD3eZZHJQtvFFQp 400
2022/03/11 20:26:22 https://interview.hellotalk8.com?key=PTnZmTqq&token=26EvVInVr9DHYD3eZZHJQtvFFQp 400
2022/03/11 20:26:22 https://interview.hellotalk8.com?key=PmqqnTTZ&token=26EvVInVr9DHYD3eZZHJQtvFFQp 400
2022/03/11 20:26:22 https://interview.hellotalk8.com?key=PTTmqZnq&token=26EvVInVr9DHYD3eZZHJQtvFFQp 400
2022/03/11 20:26:22 https://interview.hellotalk8.com?key=PmqTZnTq&token=26EvVInVr9DHYD3eZZHJQtvFFQp 400
2022/03/11 20:26:22 https://interview.hellotalk8.com?key=PmqTqZTn&token=26EvVInVr9DHYD3eZZHJQtvFFQp 400
2022/03/11 20:26:22 https://interview.hellotalk8.com?key=PTTqnmZq&token=26EvVInVr9DHYD3eZZHJQtvFFQp 400
2022/03/11 20:26:22 https://interview.hellotalk8.com?key=PTmnqqTZ&token=26EvVInVr9DHYD3eZZHJQtvFFQp 400
2022/03/11 20:26:22 https://interview.hellotalk8.com?key=PTnqmZqT&token=26EvVInVr9DHYD3eZZHJQtvFFQp 400
2022/03/11 20:26:22 https://interview.hellotalk8.com?key=PTqqZmTn&token=26EvVInVr9DHYD3eZZHJQtvFFQp 400
2022/03/11 20:26:22 https://interview.hellotalk8.com?key=PTqqmTnZ&token=26EvVInVr9DHYD3eZZHJQtvFFQp 400
2022/03/11 20:26:22 https://interview.hellotalk8.com?key=PmTZqnqT&token=26EvVInVr9DHYD3eZZHJQtvFFQp 400
2022/03/11 20:26:22 https://interview.hellotalk8.com?key=PZqTTqmn&token=26EvVInVr9DHYD3eZZHJQtvFFQp 400
2022/03/11 20:26:22 https://interview.hellotalk8.com?key=PTZnTqmq&token=26EvVInVr9DHYD3eZZHJQtvFFQp 400
2022/03/11 20:26:22 https://interview.hellotalk8.com?key=PmqTTqZn&token=26EvVInVr9DHYD3eZZHJQtvFFQp 400
2022/03/11 20:26:22 https://interview.hellotalk8.com?key=PZqTmTnq&token=26EvVInVr9DHYD3eZZHJQtvFFQp 400
2022/03/11 20:26:22 https://interview.hellotalk8.com?key=PTZTqnmq&token=26EvVInVr9DHYD3eZZHJQtvFFQp 400
2022/03/11 20:26:22 https://interview.hellotalk8.com?key=PTmqTnZq&token=26EvVInVr9DHYD3eZZHJQtvFFQp 400
2022/03/11 20:26:22 https://interview.hellotalk8.com?key=PTnqqZmT&token=26EvVInVr9DHYD3eZZHJQtvFFQp 400
2022/03/11 20:26:22 https://interview.hellotalk8.com?key=PTnqZmqT&token=26EvVInVr9DHYD3eZZHJQtvFFQp 400
2022/03/11 20:26:22 https://interview.hellotalk8.com?key=PTTqZqnm&token=26EvVInVr9DHYD3eZZHJQtvFFQp 400
2022/03/11 20:26:22 https://interview.hellotalk8.com?key=PZnmqqTT&token=26EvVInVr9DHYD3eZZHJQtvFFQp 400
2022/03/11 20:26:22 https://interview.hellotalk8.com?key=PTqnmTZq&token=26EvVInVr9DHYD3eZZHJQtvFFQp 400
2022/03/11 20:26:22 https://interview.hellotalk8.com?key=PTqmnZTq&token=26EvVInVr9DHYD3eZZHJQtvFFQp 400
2022/03/11 20:26:22 https://interview.hellotalk8.com?key=PTZqTnqm&token=26EvVInVr9DHYD3eZZHJQtvFFQp 400
2022/03/11 20:26:22 https://interview.hellotalk8.com?key=PmnTqZTq&token=26EvVInVr9DHYD3eZZHJQtvFFQp 400
2022/03/11 20:26:22 https://interview.hellotalk8.com?key=PTTqZnqm&token=26EvVInVr9DHYD3eZZHJQtvFFQp 400
2022/03/11 20:26:22 https://interview.hellotalk8.com?key=PnqmZTTq&token=26EvVInVr9DHYD3eZZHJQtvFFQp 400
2022/03/11 20:26:22 https://interview.hellotalk8.com?key=PnTTqZqm&token=26EvVInVr9DHYD3eZZHJQtvFFQp 400
2022/03/11 20:26:22 https://interview.hellotalk8.com?key=PmTqTqnZ&token=26EvVInVr9DHYD3eZZHJQtvFFQp 400
2022/03/11 20:26:22 https://interview.hellotalk8.com?key=PZTTnmqq&token=26EvVInVr9DHYD3eZZHJQtvFFQp 400
2022/03/11 20:26:22 https://interview.hellotalk8.com?key=PnqmTZTq&token=26EvVInVr9DHYD3eZZHJQtvFFQp 400
2022/03/11 20:26:22 https://interview.hellotalk8.com?key=PZqTmnqT&token=26EvVInVr9DHYD3eZZHJQtvFFQp 400
2022/03/11 20:26:22 https://interview.hellotalk8.com?key=PmqTZnqT&token=26EvVInVr9DHYD3eZZHJQtvFFQp 400
2022/03/11 20:26:22 https://interview.hellotalk8.com?key=PmTnTZqq&token=26EvVInVr9DHYD3eZZHJQtvFFQp 400
2022/03/11 20:26:22 https://interview.hellotalk8.com?key=PqTZqmnT&token=26EvVInVr9DHYD3eZZHJQtvFFQp 400
2022/03/11 20:26:22 https://interview.hellotalk8.com?key=PZqqTnmT&token=26EvVInVr9DHYD3eZZHJQtvFFQp 400
2022/03/11 20:26:22 https://interview.hellotalk8.com?key=PTnmqTqZ&token=26EvVInVr9DHYD3eZZHJQtvFFQp 400
2022/03/11 20:26:22 https://interview.hellotalk8.com?key=PmTZqqnT&token=26EvVInVr9DHYD3eZZHJQtvFFQp 400
2022/03/11 20:26:22 https://interview.hellotalk8.com?key=PTqqmTZn&token=26EvVInVr9DHYD3eZZHJQtvFFQp 400
2022/03/11 20:26:22 https://interview.hellotalk8.com?key=PnqqTmTZ&token=26EvVInVr9DHYD3eZZHJQtvFFQp 400
2022/03/11 20:26:22 https://interview.hellotalk8.com?key=PmqTqTnZ&token=26EvVInVr9DHYD3eZZHJQtvFFQp 400
2022/03/11 20:26:22 https://interview.hellotalk8.com?key=PTZqmqTn&token=26EvVInVr9DHYD3eZZHJQtvFFQp 400
2022/03/11 20:26:22 https://interview.hellotalk8.com?key=PmqTnZTq&token=26EvVInVr9DHYD3eZZHJQtvFFQp 400
2022/03/11 20:26:22 https://interview.hellotalk8.com?key=PTqqZnTm&token=26EvVInVr9DHYD3eZZHJQtvFFQp 400
2022/03/11 20:26:22 https://interview.hellotalk8.com?key=PmZnTqTq&token=26EvVInVr9DHYD3eZZHJQtvFFQp 400
2022/03/11 20:26:22 https://interview.hellotalk8.com?key=PTqZmnqT&token=26EvVInVr9DHYD3eZZHJQtvFFQp 400
2022/03/11 20:26:22 https://interview.hellotalk8.com?key=PmqqTnZT&token=26EvVInVr9DHYD3eZZHJQtvFFQp 400
2022/03/11 20:26:22 https://interview.hellotalk8.com?key=PTqTmnqZ&token=26EvVInVr9DHYD3eZZHJQtvFFQp 400
2022/03/11 20:26:22 https://interview.hellotalk8.com?key=PZqqmTTn&token=26EvVInVr9DHYD3eZZHJQtvFFQp 400
2022/03/11 20:26:22 https://interview.hellotalk8.com?key=PZqTmqTn&token=26EvVInVr9DHYD3eZZHJQtvFFQp 400
2022/03/11 20:26:22 https://interview.hellotalk8.com?key=PmTnqTZq&token=26EvVInVr9DHYD3eZZHJQtvFFQp 400
2022/03/11 20:26:22 https://interview.hellotalk8.com?key=PmZnTTqq&token=26EvVInVr9DHYD3eZZHJQtvFFQp 400
2022/03/11 20:26:22 https://interview.hellotalk8.com?key=PmZTnqqT&token=26EvVInVr9DHYD3eZZHJQtvFFQp 400
2022/03/11 20:26:22 https://interview.hellotalk8.com?key=PqTZqTnm&token=26EvVInVr9DHYD3eZZHJQtvFFQp 400
2022/03/11 20:26:22 https://interview.hellotalk8.com?key=PTqmqnZT&token=26EvVInVr9DHYD3eZZHJQtvFFQp 400
2022/03/11 20:26:22 https://interview.hellotalk8.com?key=PZqnqTmT&token=26EvVInVr9DHYD3eZZHJQtvFFQp 400
2022/03/11 20:26:22 https://interview.hellotalk8.com?key=PZqqnTmT&token=26EvVInVr9DHYD3eZZHJQtvFFQp 400
2022/03/11 20:26:22 https://interview.hellotalk8.com?key=PmTTnqqZ&token=26EvVInVr9DHYD3eZZHJQtvFFQp 400
2022/03/11 20:26:22 https://interview.hellotalk8.com?key=PqTTqnZm&token=26EvVInVr9DHYD3eZZHJQtvFFQp 400
2022/03/11 20:26:22 https://interview.hellotalk8.com?key=PqTZqmTn&token=26EvVInVr9DHYD3eZZHJQtvFFQp 400
2022/03/11 20:26:22 https://interview.hellotalk8.com?key=PnZTqTmq&token=26EvVInVr9DHYD3eZZHJQtvFFQp 400
2022/03/11 20:26:22 https://interview.hellotalk8.com?key=PZqTmqnT&token=26EvVInVr9DHYD3eZZHJQtvFFQp 400
2022/03/11 20:26:22 https://interview.hellotalk8.com?key=PqTZqTmn&token=26EvVInVr9DHYD3eZZHJQtvFFQp 400
2022/03/11 20:26:22 https://interview.hellotalk8.com?key=PZmqTqnT&token=26EvVInVr9DHYD3eZZHJQtvFFQp 400
2022/03/11 20:26:22 https://interview.hellotalk8.com?key=PZqTqnmT&token=26EvVInVr9DHYD3eZZHJQtvFFQp 400
2022/03/11 20:26:22 https://interview.hellotalk8.com?key=PmTZqTqn&token=26EvVInVr9DHYD3eZZHJQtvFFQp 400
2022/03/11 20:26:22 https://interview.hellotalk8.com?key=PTZnqTqm&token=26EvVInVr9DHYD3eZZHJQtvFFQp 400
2022/03/11 20:26:22 https://interview.hellotalk8.com?key=PZqmnTTq&token=26EvVInVr9DHYD3eZZHJQtvFFQp 400
2022/03/11 20:26:22 https://interview.hellotalk8.com?key=PmTqZTnq&token=26EvVInVr9DHYD3eZZHJQtvFFQp 400
2022/03/11 20:26:22 https://interview.hellotalk8.com?key=PZnmqTTq&token=26EvVInVr9DHYD3eZZHJQtvFFQp 400
2022/03/11 20:26:22 https://interview.hellotalk8.com?key=PZmnqTqT&token=26EvVInVr9DHYD3eZZHJQtvFFQp 400
2022/03/11 20:26:22 https://interview.hellotalk8.com?key=PmqZnqTT&token=26EvVInVr9DHYD3eZZHJQtvFFQp 400
2022/03/11 20:26:22 https://interview.hellotalk8.com?key=PmqTnTZq&token=26EvVInVr9DHYD3eZZHJQtvFFQp 400
2022/03/11 20:26:22 https://interview.hellotalk8.com?key=PqTqZnTm&token=26EvVInVr9DHYD3eZZHJQtvFFQp 400
2022/03/11 20:26:22 https://interview.hellotalk8.com?key=PTZmqqnT&token=26EvVInVr9DHYD3eZZHJQtvFFQp 400
2022/03/11 20:26:22 https://interview.hellotalk8.com?key=PmnZTqqT&token=26EvVInVr9DHYD3eZZHJQtvFFQp 400
2022/03/11 20:26:22 https://interview.hellotalk8.com?key=PTmZnTqq&token=26EvVInVr9DHYD3eZZHJQtvFFQp 400
2022/03/11 20:26:22 https://interview.hellotalk8.com?key=PmqqTZnT&token=26EvVInVr9DHYD3eZZHJQtvFFQp 400
2022/03/11 20:26:22 https://interview.hellotalk8.com?key=PTTZmqnq&token=26EvVInVr9DHYD3eZZHJQtvFFQp 400
2022/03/11 20:26:22 https://interview.hellotalk8.com?key=PmqZqnTT&token=26EvVInVr9DHYD3eZZHJQtvFFQp 400
2022/03/11 20:26:22 https://interview.hellotalk8.com?key=PmqZnTqT&token=26EvVInVr9DHYD3eZZHJQtvFFQp 400
2022/03/11 20:26:22 https://interview.hellotalk8.com?key=PnTqqTmZ&token=26EvVInVr9DHYD3eZZHJQtvFFQp 400
2022/03/11 20:26:22 https://interview.hellotalk8.com?key=PmTqTZqn&token=26EvVInVr9DHYD3eZZHJQtvFFQp 400
2022/03/11 20:26:22 https://interview.hellotalk8.com?key=PZqTTnqm&token=26EvVInVr9DHYD3eZZHJQtvFFQp 400
2022/03/11 20:26:22 https://interview.hellotalk8.com?key=PTTmnZqq&token=26EvVInVr9DHYD3eZZHJQtvFFQp 400
2022/03/11 20:26:22 https://interview.hellotalk8.com?key=PTqTqnmZ&token=26EvVInVr9DHYD3eZZHJQtvFFQp 400
2022/03/11 20:26:22 https://interview.hellotalk8.com?key=PmnZTTqq&token=26EvVInVr9DHYD3eZZHJQtvFFQp 400
2022/03/11 20:26:22 https://interview.hellotalk8.com?key=PmTqZqnT&token=26EvVInVr9DHYD3eZZHJQtvFFQp 400
2022/03/11 20:26:22 https://interview.hellotalk8.com?key=PmTqTnZq&token=26EvVInVr9DHYD3eZZHJQtvFFQp 400
2022/03/11 20:26:22 https://interview.hellotalk8.com?key=PmqTnZqT&token=26EvVInVr9DHYD3eZZHJQtvFFQp 400
2022/03/11 20:26:22 https://interview.hellotalk8.com?key=PTqmZnqT&token=26EvVInVr9DHYD3eZZHJQtvFFQp 400
2022/03/11 20:26:22 https://interview.hellotalk8.com?key=PmqTqnTZ&token=26EvVInVr9DHYD3eZZHJQtvFFQp 400
2022/03/11 20:26:22 https://interview.hellotalk8.com?key=PZqTnTmq&token=26EvVInVr9DHYD3eZZHJQtvFFQp 400
2022/03/11 20:26:22 https://interview.hellotalk8.com?key=PTqTZnmq&token=26EvVInVr9DHYD3eZZHJQtvFFQp 400
2022/03/11 20:26:22 https://interview.hellotalk8.com?key=PZTnmqTq&token=26EvVInVr9DHYD3eZZHJQtvFFQp 400
2022/03/11 20:26:22 https://interview.hellotalk8.com?key=PTqTZmnq&token=26EvVInVr9DHYD3eZZHJQtvFFQp 400
2022/03/11 20:26:22 https://interview.hellotalk8.com?key=PnZTqTqm&token=26EvVInVr9DHYD3eZZHJQtvFFQp 400
2022/03/11 20:26:22 https://interview.hellotalk8.com?key=PTqqmnZT&token=26EvVInVr9DHYD3eZZHJQtvFFQp 400
2022/03/11 20:26:22 https://interview.hellotalk8.com?key=PnqmTqTZ&token=26EvVInVr9DHYD3eZZHJQtvFFQp 400
2022/03/11 20:26:22 https://interview.hellotalk8.com?key=PZqTTmqn&token=26EvVInVr9DHYD3eZZHJQtvFFQp 400
2022/03/11 20:26:22 https://interview.hellotalk8.com?key=PTqmnTqZ&token=26EvVInVr9DHYD3eZZHJQtvFFQp 400
2022/03/11 20:26:22 https://interview.hellotalk8.com?key=PTnqZqmT&token=26EvVInVr9DHYD3eZZHJQtvFFQp 400
2022/03/11 20:26:22 https://interview.hellotalk8.com?key=PmqnZqTT&token=26EvVInVr9DHYD3eZZHJQtvFFQp 400
2022/03/11 20:26:22 https://interview.hellotalk8.com?key=PmTqqnZT&token=26EvVInVr9DHYD3eZZHJQtvFFQp 400
2022/03/11 20:26:22 https://interview.hellotalk8.com?key=PqTqZmnT&token=26EvVInVr9DHYD3eZZHJQtvFFQp 400
2022/03/11 20:26:22 https://interview.hellotalk8.com?key=PnZTmqqT&token=26EvVInVr9DHYD3eZZHJQtvFFQp 400
2022/03/11 20:26:22 https://interview.hellotalk8.com?key=PnTqqZTm&token=26EvVInVr9DHYD3eZZHJQtvFFQp 400
2022/03/11 20:26:22 https://interview.hellotalk8.com?key=PmTqZnqT&token=26EvVInVr9DHYD3eZZHJQtvFFQp 400
2022/03/11 20:26:22 https://interview.hellotalk8.com?key=PmTnqTqZ&token=26EvVInVr9DHYD3eZZHJQtvFFQp 400
2022/03/11 20:26:22 https://interview.hellotalk8.com?key=PmqTnqTZ&token=26EvVInVr9DHYD3eZZHJQtvFFQp 400
2022/03/11 20:26:22 https://interview.hellotalk8.com?key=PnZTmTqq&token=26EvVInVr9DHYD3eZZHJQtvFFQp 400
2022/03/11 20:26:22 https://interview.hellotalk8.com?key=PmqnTTZq&token=26EvVInVr9DHYD3eZZHJQtvFFQp 400
2022/03/11 20:26:22 https://interview.hellotalk8.com?key=PmTqZTqn&token=26EvVInVr9DHYD3eZZHJQtvFFQp 400
2022/03/11 20:26:22 https://interview.hellotalk8.com?key=PZqnqTTm&token=26EvVInVr9DHYD3eZZHJQtvFFQp 400
2022/03/11 20:26:22 https://interview.hellotalk8.com?key=PTZqqmnT&token=26EvVInVr9DHYD3eZZHJQtvFFQp 400
2022/03/11 20:26:22 https://interview.hellotalk8.com?key=PTqmTqnZ&token=26EvVInVr9DHYD3eZZHJQtvFFQp 400
2022/03/11 20:26:22 https://interview.hellotalk8.com?key=PTqZqmnT&token=26EvVInVr9DHYD3eZZHJQtvFFQp 400
2022/03/11 20:26:22 https://interview.hellotalk8.com?key=PnqmTqZT&token=26EvVInVr9DHYD3eZZHJQtvFFQp 400
2022/03/11 20:26:22 https://interview.hellotalk8.com?key=PTqZmqnT&token=26EvVInVr9DHYD3eZZHJQtvFFQp 400
2022/03/11 20:26:23 https://interview.hellotalk8.com?key=PnTqqTZm&token=26EvVInVr9DHYD3eZZHJQtvFFQp 400
2022/03/11 20:26:24 https://interview.hellotalk8.com?key=PTZqmqnT&token=26EvVInVr9DHYD3eZZHJQtvFFQp 400
2022/03/11 20:26:25 https://interview.hellotalk8.com?key=PTTqqnZm&token=26EvVInVr9DHYD3eZZHJQtvFFQp 400
2022/03/11 20:26:26 https://interview.hellotalk8.com?key=PTTqqnmZ&token=26EvVInVr9DHYD3eZZHJQtvFFQp 400
2022/03/11 20:26:27 https://interview.hellotalk8.com?key=PTZTmnqq&token=26EvVInVr9DHYD3eZZHJQtvFFQp 400
2022/03/11 20:26:28 https://interview.hellotalk8.com?key=PTZTmqqn&token=26EvVInVr9DHYD3eZZHJQtvFFQp 400
2022/03/11 20:26:29 https://interview.hellotalk8.com?key=PTZTnmqq&token=26EvVInVr9DHYD3eZZHJQtvFFQp 400
2022/03/11 20:26:30 https://interview.hellotalk8.com?key=PTZTnqmq&token=26EvVInVr9DHYD3eZZHJQtvFFQp 400
2022/03/11 20:26:31 https://interview.hellotalk8.com?key=PTZTnqqm&token=26EvVInVr9DHYD3eZZHJQtvFFQp 400
2022/03/11 20:26:32 https://interview.hellotalk8.com?key=PTmTZqqn&token=26EvVInVr9DHYD3eZZHJQtvFFQp 400
2022/03/11 20:26:33 https://interview.hellotalk8.com?key=PTmnZqTq&token=26EvVInVr9DHYD3eZZHJQtvFFQp 400
2022/03/11 20:26:34 https://interview.hellotalk8.com?key=PTmnZqqT&token=26EvVInVr9DHYD3eZZHJQtvFFQp 400
2022/03/11 20:26:35 https://interview.hellotalk8.com?key=PTZqnTqm&token=26EvVInVr9DHYD3eZZHJQtvFFQp 400
2022/03/11 20:26:36 https://interview.hellotalk8.com?key=PTZqnmTq&token=26EvVInVr9DHYD3eZZHJQtvFFQp 400
2022/03/11 20:26:37 https://interview.hellotalk8.com?key=PTZqnmqT&token=26EvVInVr9DHYD3eZZHJQtvFFQp 400
2022/03/11 20:26:38 https://interview.hellotalk8.com?key=PTZqnqTm&token=26EvVInVr9DHYD3eZZHJQtvFFQp 400
2022/03/11 20:26:39 https://interview.hellotalk8.com?key=PTZqnqmT&token=26EvVInVr9DHYD3eZZHJQtvFFQp 400
2022/03/11 20:26:40 https://interview.hellotalk8.com?key=PTZqqTmn&token=26EvVInVr9DHYD3eZZHJQtvFFQp 400
2022/03/11 20:26:41 https://interview.hellotalk8.com?key=PTmTnqZq&token=26EvVInVr9DHYD3eZZHJQtvFFQp 400
2022/03/11 20:26:42 https://interview.hellotalk8.com?key=PTmTnqqZ&token=26EvVInVr9DHYD3eZZHJQtvFFQp 400
2022/03/11 20:26:43 https://interview.hellotalk8.com?key=PTmTqZnq&token=26EvVInVr9DHYD3eZZHJQtvFFQp 400
2022/03/11 20:26:44 https://interview.hellotalk8.com?key=PTmTqZqn&token=26EvVInVr9DHYD3eZZHJQtvFFQp 400
2022/03/11 20:26:45 https://interview.hellotalk8.com?key=PTmTqnZq&token=26EvVInVr9DHYD3eZZHJQtvFFQp 400
2022/03/11 20:26:46 https://interview.hellotalk8.com?key=PTmTqnqZ&token=26EvVInVr9DHYD3eZZHJQtvFFQp 400
2022/03/11 20:26:47 https://interview.hellotalk8.com?key=PTmTqqZn&token=26EvVInVr9DHYD3eZZHJQtvFFQp 400
2022/03/11 20:26:48 https://interview.hellotalk8.com?key=PTmTqqnZ&token=26EvVInVr9DHYD3eZZHJQtvFFQp 400
2022/03/11 20:26:49 https://interview.hellotalk8.com?key=PTmqnqTZ&token=26EvVInVr9DHYD3eZZHJQtvFFQp 400
2022/03/11 20:26:50 https://interview.hellotalk8.com?key=PTmqnqZT&token=26EvVInVr9DHYD3eZZHJQtvFFQp 400
2022/03/11 20:26:51 https://interview.hellotalk8.com?key=PTmqqTZn&token=26EvVInVr9DHYD3eZZHJQtvFFQp 400
2022/03/11 20:26:52 https://interview.hellotalk8.com?key=PTmqqTnZ&token=26EvVInVr9DHYD3eZZHJQtvFFQp 400
2022/03/11 20:26:53 https://interview.hellotalk8.com?key=PTmqqZTn&token=26EvVInVr9DHYD3eZZHJQtvFFQp 400
2022/03/11 20:26:54 https://interview.hellotalk8.com?key=PTmqqZnT&token=26EvVInVr9DHYD3eZZHJQtvFFQp 400
2022/03/11 20:26:55 https://interview.hellotalk8.com?key=PTqqZTmn&token=26EvVInVr9DHYD3eZZHJQtvFFQp 400
2022/03/11 20:26:56 https://interview.hellotalk8.com?key=PTnmqqTZ&token=26EvVInVr9DHYD3eZZHJQtvFFQp 400
2022/03/11 20:26:57 https://interview.hellotalk8.com?key=PTnmqqZT&token=26EvVInVr9DHYD3eZZHJQtvFFQp 400
2022/03/11 20:26:58 https://interview.hellotalk8.com?key=PTnqTZmq&token=26EvVInVr9DHYD3eZZHJQtvFFQp 400
2022/03/11 20:26:59 https://interview.hellotalk8.com?key=PTnqTZqm&token=26EvVInVr9DHYD3eZZHJQtvFFQp 400
2022/03/11 20:27:00 https://interview.hellotalk8.com?key=PTnqTmZq&token=26EvVInVr9DHYD3eZZHJQtvFFQp 400
2022/03/11 20:27:01 https://interview.hellotalk8.com?key=PTnqTmqZ&token=26EvVInVr9DHYD3eZZHJQtvFFQp 400
2022/03/11 20:27:02 https://interview.hellotalk8.com?key=PTnqTqZm&token=26EvVInVr9DHYD3eZZHJQtvFFQp 400
2022/03/11 20:27:03 https://interview.hellotalk8.com?key=PTnqTqmZ&token=26EvVInVr9DHYD3eZZHJQtvFFQp 400
2022/03/11 20:27:04 https://interview.hellotalk8.com?key=PTZqqTnm&token=26EvVInVr9DHYD3eZZHJQtvFFQp 400
2022/03/11 20:27:05 https://interview.hellotalk8.com?key=PTmZTnqq&token=26EvVInVr9DHYD3eZZHJQtvFFQp 400
2022/03/11 20:27:06 https://interview.hellotalk8.com?key=PTZqqmTn&token=26EvVInVr9DHYD3eZZHJQtvFFQp 400
2022/03/11 20:27:07 https://interview.hellotalk8.com?key=PTmZTqnq&token=26EvVInVr9DHYD3eZZHJQtvFFQp 410
2022/03/11 20:27:08 https://interview.hellotalk8.com?key=PTqZmTqn&token=26EvVInVr9DHYD3eZZHJQtvFFQp 410
2022/03/11 20:27:09 https://interview.hellotalk8.com?key=PTqTmnZq&token=26EvVInVr9DHYD3eZZHJQtvFFQp 410
2022/03/11 20:27:10 https://interview.hellotalk8.com?key=PTmZqnqT&token=26EvVInVr9DHYD3eZZHJQtvFFQp 410
2022/03/11 20:27:11 https://interview.hellotalk8.com?key=PTnTZqmq&token=26EvVInVr9DHYD3eZZHJQtvFFQp 410
2022/03/11 20:27:12 https://interview.hellotalk8.com?key=PnqqmTTZ&token=26EvVInVr9DHYD3eZZHJQtvFFQp 410
2022/03/11 20:27:13 https://interview.hellotalk8.com?key=PmTqnTqZ&token=26EvVInVr9DHYD3eZZHJQtvFFQp 410
2022/03/11 20:27:14 https://interview.hellotalk8.com?key=PnZmqTqT&token=26EvVInVr9DHYD3eZZHJQtvFFQp 410
2022/03/11 20:27:15 https://interview.hellotalk8.com?key=PmqnTZTq&token=26EvVInVr9DHYD3eZZHJQtvFFQp 410
2022/03/11 20:27:16 https://interview.hellotalk8.com?key=PmTqnZTq&token=26EvVInVr9DHYD3eZZHJQtvFFQp 410
2022/03/11 20:27:17 https://interview.hellotalk8.com?key=PnZmqqTT&token=26EvVInVr9DHYD3eZZHJQtvFFQp 410
2022/03/11 20:27:18 https://interview.hellotalk8.com?key=PmqnTZqT&token=26EvVInVr9DHYD3eZZHJQtvFFQp 410
2022/03/11 20:27:19 https://interview.hellotalk8.com?key=PnZqTTmq&token=26EvVInVr9DHYD3eZZHJQtvFFQp 410
2022/03/11 20:27:20 https://interview.hellotalk8.com?key=PnZqTTqm&token=26EvVInVr9DHYD3eZZHJQtvFFQp 410
2022/03/11 20:27:21 https://interview.hellotalk8.com?key=PmZqTnqT&token=26EvVInVr9DHYD3eZZHJQtvFFQp 410
2022/03/11 20:27:22 https://interview.hellotalk8.com?key=PTnTZqqm&token=26EvVInVr9DHYD3eZZHJQtvFFQp 410
2022/03/11 20:27:23 https://interview.hellotalk8.com?key=PqTTZnmq&token=26EvVInVr9DHYD3eZZHJQtvFFQp 410
2022/03/11 20:27:24 https://interview.hellotalk8.com?key=PTnZmqqT&token=26EvVInVr9DHYD3eZZHJQtvFFQp 410
2022/03/11 20:27:25 https://interview.hellotalk8.com?key=PTnZqqmT&token=26EvVInVr9DHYD3eZZHJQtvFFQp 410
2022/03/11 20:27:26 https://interview.hellotalk8.com?key=PTqTqZnm&token=26EvVInVr9DHYD3eZZHJQtvFFQp 410
2022/03/11 20:27:27 https://interview.hellotalk8.com?key=PTZmTnqq&token=26EvVInVr9DHYD3eZZHJQtvFFQp 410
